#
# There is insufficient memory for the Java Runtime Environment to continue.
# Native memory allocation (mmap) failed to map 3953131520 bytes for G1 virtual space
# Possible reasons:
#   The system is out of physical RAM or swap space
#   The process is running with CompressedOops enabled, and the Java Heap may be blocking the growth of the native heap
# Possible solutions:
#   Reduce memory load on the system
#   Increase physical memory or swap space
#   Check if swap backing store is full
#   Decrease Java heap size (-Xmx/-Xms)
#   Decrease number of Java threads
#   Decrease Java thread stack sizes (-Xss)
#   Set larger code cache with -XX:ReservedCodeCacheSize=
#   JVM is running with Zero Based Compressed Oops mode in which the Java heap is
#     placed in the first 32GB address space. The Java Heap base address is the
#     maximum limit for the native heap growth. Please use -XX:HeapBaseMinAddress
#     to set the Java Heap base and to place the Java Heap above 32GB virtual address.
# This output file may be truncated or incomplete.
#
#  Out of Memory Error (os_windows.cpp:3550), pid=62392, tid=52496
#
# JRE version: Java(TM) SE Runtime Environment (17.0.6+9) (build 17.0.6+9-LTS-190)
# Java VM: Java HotSpot(TM) 64-Bit Server VM (17.0.6+9-LTS-190, mixed mode, sharing, tiered, compressed oops, compressed class ptrs, g1 gc, windows-amd64)
# No core dump will be written. Minidumps are not enabled by default on client versions of Windows
#

---------------  S U M M A R Y ------------

Command Line: -XX:+ShowCodeDetailsInExceptionMessages PracticeProgrammes.Main

Host: 12th Gen Intel(R) Core(TM) i7-1255U, 12 cores, 15G,  Windows 11 , 64 bit Build 26100 (10.0.26100.2454)
Time: Tue Feb  4 17:33:05 2025 India Standard Time elapsed time: 1.095643 seconds (0d 0h 0m 1s)

---------------  T H R E A D  ---------------

Current thread (0x0000022666b2e740):  VMThread "VM Thread" [stack: 0x00000075b3300000,0x00000075b3400000] [id=52496]

Stack: [0x00000075b3300000,0x00000075b3400000]
Native frames: (J=compiled Java code, j=interpreted, Vv=VM code, C=native code)
V  [jvm.dll+0x6734ea]
V  [jvm.dll+0x7d18f4]
V  [jvm.dll+0x7d309e]
V  [jvm.dll+0x7d3703]
V  [jvm.dll+0x2433c5]
V  [jvm.dll+0x6703f9]
V  [jvm.dll+0x664d32]
V  [jvm.dll+0x300086]
V  [jvm.dll+0x307606]
V  [jvm.dll+0x356c1e]
V  [jvm.dll+0x356e4f]
V  [jvm.dll+0x2d72e8]
V  [jvm.dll+0x2da790]
V  [jvm.dll+0x2da6ad]
V  [jvm.dll+0x318397]
V  [jvm.dll+0x7d7f0b]
V  [jvm.dll+0x7d8c44]
V  [jvm.dll+0x7d915d]
V  [jvm.dll+0x7d9534]
V  [jvm.dll+0x7d9600]
V  [jvm.dll+0x781a7a]
V  [jvm.dll+0x672375]
C  [ucrtbase.dll+0x14ea0]
C  [KERNEL32.DLL+0x2e8d7]
C  [ntdll.dll+0xdfbcc]

VM_Operation (0x00000075b2dff5e0): G1CollectForAllocation, mode: safepoint, requested by thread 0x0000022643ba4100


---------------  P R O C E S S  ---------------

Threads class SMR info:
_java_thread_list=0x0000022666d29250, length=12, elements={
0x0000022643ba4100, 0x0000022666b320e0, 0x0000022666b35cb0, 0x0000022666b4aed0,
0x0000022666b4ba80, 0x0000022666b50ea0, 0x0000022666b4ea50, 0x0000022666b4f6f0,
0x0000022666b500a0, 0x0000022666b62d70, 0x0000022666d24eb0, 0x0000022666d2c380
}

Java Threads: ( => current thread )
  0x0000022643ba4100 JavaThread "main" [_thread_blocked, id=54764, stack(0x00000075b2d00000,0x00000075b2e00000)]
  0x0000022666b320e0 JavaThread "Reference Handler" daemon [_thread_blocked, id=61832, stack(0x00000075b3400000,0x00000075b3500000)]
  0x0000022666b35cb0 JavaThread "Finalizer" daemon [_thread_blocked, id=57228, stack(0x00000075b3500000,0x00000075b3600000)]
  0x0000022666b4aed0 JavaThread "Signal Dispatcher" daemon [_thread_blocked, id=6604, stack(0x00000075b3600000,0x00000075b3700000)]
  0x0000022666b4ba80 JavaThread "Attach Listener" daemon [_thread_blocked, id=55832, stack(0x00000075b3700000,0x00000075b3800000)]
  0x0000022666b50ea0 JavaThread "Service Thread" daemon [_thread_blocked, id=45040, stack(0x00000075b3800000,0x00000075b3900000)]
  0x0000022666b4ea50 JavaThread "Monitor Deflation Thread" daemon [_thread_blocked, id=58172, stack(0x00000075b3900000,0x00000075b3a00000)]
  0x0000022666b4f6f0 JavaThread "C2 CompilerThread0" daemon [_thread_blocked, id=58508, stack(0x00000075b3a00000,0x00000075b3b00000)]
  0x0000022666b500a0 JavaThread "C1 CompilerThread0" daemon [_thread_blocked, id=58408, stack(0x00000075b3b00000,0x00000075b3c00000)]
  0x0000022666b62d70 JavaThread "Sweeper thread" daemon [_thread_blocked, id=1632, stack(0x00000075b3c00000,0x00000075b3d00000)]
  0x0000022666d24eb0 JavaThread "Notification Thread" daemon [_thread_blocked, id=61364, stack(0x00000075b3d00000,0x00000075b3e00000)]
  0x0000022666d2c380 JavaThread "Common-Cleaner" daemon [_thread_blocked, id=26260, stack(0x00000075b3f00000,0x00000075b4000000)]

Other Threads:
=>0x0000022666b2e740 VMThread "VM Thread" [stack: 0x00000075b3300000,0x00000075b3400000] [id=52496]
  0x0000022643c30a40 WatcherThread [stack: 0x00000075b3e00000,0x00000075b3f00000] [id=60904]
  0x0000022643c0aa10 GCTaskThread "GC Thread#0" [stack: 0x00000075b2e00000,0x00000075b2f00000] [id=43928]
  0x0000022666d2c850 GCTaskThread "GC Thread#1" [stack: 0x00000075b4000000,0x00000075b4100000] [id=54772]
  0x0000022666d387c0 GCTaskThread "GC Thread#2" [stack: 0x00000075b4100000,0x00000075b4200000] [id=55140]
  0x0000022666d38a70 GCTaskThread "GC Thread#3" [stack: 0x00000075b4200000,0x00000075b4300000] [id=53368]
  0x0000022666d38d20 GCTaskThread "GC Thread#4" [stack: 0x00000075b4300000,0x00000075b4400000] [id=58544]
  0x0000022666d38fd0 GCTaskThread "GC Thread#5" [stack: 0x00000075b4400000,0x00000075b4500000] [id=33852]
  0x0000022643c1d180 ConcurrentGCThread "G1 Main Marker" [stack: 0x00000075b2f00000,0x00000075b3000000] [id=38516]
  0x0000022643c1f1e0 ConcurrentGCThread "G1 Conc#0" [stack: 0x00000075b3000000,0x00000075b3100000] [id=59652]
  0x0000022643c6ecd0 ConcurrentGCThread "G1 Refine#0" [stack: 0x00000075b3100000,0x00000075b3200000] [id=57688]
  0x0000022666a6c190 ConcurrentGCThread "G1 Service" [stack: 0x00000075b3200000,0x00000075b3300000] [id=63704]

Threads with active compile tasks:

VM state: at safepoint (normal execution)

VM Mutex/Monitor currently owned by a thread:  ([mutex/lock_event])
[0x0000022643ba1810] Threads_lock - owner thread: 0x0000022666b2e740
[0x0000022643b9fbf0] Heap_lock - owner thread: 0x0000022643ba4100

Heap address: 0x0000000704a00000, size: 4022 MB, Compressed Oops mode: Zero based, Oop shift amount: 3

CDS archive(s) mapped at: [0x0000000800000000-0x0000000800bd0000-0x0000000800bd0000), size 12386304, SharedBaseAddress: 0x0000000800000000, ArchiveRelocationMode: 0.
Compressed class space mapped at: 0x0000000800c00000-0x0000000840c00000, reserved size: 1073741824
Narrow klass base: 0x0000000800000000, Narrow klass shift: 0, Narrow klass range: 0x100000000

GC Precious Log:
 CPUs: 12 total, 12 available
 Memory: 16083M
 Large Page Support: Disabled
 NUMA Support: Disabled
 Compressed Oops: Enabled (Zero based)
 Heap Region Size: 2M
 Heap Min Capacity: 8M
 Heap Initial Capacity: 252M
 Heap Max Capacity: 4022M
 Pre-touch: Disabled
 Parallel Workers: 10
 Concurrent Workers: 3
 Concurrent Refinement Workers: 10
 Periodic GC: Disabled

Heap:
 garbage-first heap   total 258048K, used 558K [0x0000000704a00000, 0x0000000800000000)
  region size 2048K, 1 young (2048K), 1 survivors (2048K)
 Metaspace       used 136K, committed 320K, reserved 1056768K
  class space    used 5K, committed 128K, reserved 1048576K

Heap Regions: E=young(eden), S=young(survivor), O=old, HS=humongous(starts), HC=humongous(continues), CS=collection set, F=free, OA=open archive, CA=closed archive, TAMS=top-at-mark-start (previous, next)
|   0|0x0000000704a00000, 0x0000000704a00000, 0x0000000704c00000|  0%| F|  |TAMS 0x0000000704a00000, 0x0000000704a00000| Untracked 
|   1|0x0000000704c00000, 0x0000000704c00000, 0x0000000704e00000|  0%| F|  |TAMS 0x0000000704c00000, 0x0000000704c00000| Untracked 
|   2|0x0000000704e00000, 0x0000000704e00000, 0x0000000705000000|  0%| F|  |TAMS 0x0000000704e00000, 0x0000000704e00000| Untracked 
|   3|0x0000000705000000, 0x0000000705000000, 0x0000000705200000|  0%| F|  |TAMS 0x0000000705000000, 0x0000000705000000| Untracked 
|   4|0x0000000705200000, 0x0000000705200000, 0x0000000705400000|  0%| F|  |TAMS 0x0000000705200000, 0x0000000705200000| Untracked 
|   5|0x0000000705400000, 0x0000000705400000, 0x0000000705600000|  0%| F|  |TAMS 0x0000000705400000, 0x0000000705400000| Untracked 
|   6|0x0000000705600000, 0x0000000705600000, 0x0000000705800000|  0%| F|  |TAMS 0x0000000705600000, 0x0000000705600000| Untracked 
|   7|0x0000000705800000, 0x0000000705800000, 0x0000000705a00000|  0%| F|  |TAMS 0x0000000705800000, 0x0000000705800000| Untracked 
|   8|0x0000000705a00000, 0x0000000705a00000, 0x0000000705c00000|  0%| F|  |TAMS 0x0000000705a00000, 0x0000000705a00000| Untracked 
|   9|0x0000000705c00000, 0x0000000705c00000, 0x0000000705e00000|  0%| F|  |TAMS 0x0000000705c00000, 0x0000000705c00000| Untracked 
|  10|0x0000000705e00000, 0x0000000705e00000, 0x0000000706000000|  0%| F|  |TAMS 0x0000000705e00000, 0x0000000705e00000| Untracked 
|  11|0x0000000706000000, 0x0000000706000000, 0x0000000706200000|  0%| F|  |TAMS 0x0000000706000000, 0x0000000706000000| Untracked 
|  12|0x0000000706200000, 0x0000000706200000, 0x0000000706400000|  0%| F|  |TAMS 0x0000000706200000, 0x0000000706200000| Untracked 
|  13|0x0000000706400000, 0x0000000706400000, 0x0000000706600000|  0%| F|  |TAMS 0x0000000706400000, 0x0000000706400000| Untracked 
|  14|0x0000000706600000, 0x0000000706600000, 0x0000000706800000|  0%| F|  |TAMS 0x0000000706600000, 0x0000000706600000| Untracked 
|  15|0x0000000706800000, 0x0000000706800000, 0x0000000706a00000|  0%| F|  |TAMS 0x0000000706800000, 0x0000000706800000| Untracked 
|  16|0x0000000706a00000, 0x0000000706a00000, 0x0000000706c00000|  0%| F|  |TAMS 0x0000000706a00000, 0x0000000706a00000| Untracked 
|  17|0x0000000706c00000, 0x0000000706c00000, 0x0000000706e00000|  0%| F|  |TAMS 0x0000000706c00000, 0x0000000706c00000| Untracked 
|  18|0x0000000706e00000, 0x0000000706e00000, 0x0000000707000000|  0%| F|  |TAMS 0x0000000706e00000, 0x0000000706e00000| Untracked 
|  19|0x0000000707000000, 0x0000000707000000, 0x0000000707200000|  0%| F|  |TAMS 0x0000000707000000, 0x0000000707000000| Untracked 
|  20|0x0000000707200000, 0x0000000707200000, 0x0000000707400000|  0%| F|  |TAMS 0x0000000707200000, 0x0000000707200000| Untracked 
|  21|0x0000000707400000, 0x0000000707400000, 0x0000000707600000|  0%| F|  |TAMS 0x0000000707400000, 0x0000000707400000| Untracked 
|  22|0x0000000707600000, 0x0000000707600000, 0x0000000707800000|  0%| F|  |TAMS 0x0000000707600000, 0x0000000707600000| Untracked 
|  23|0x0000000707800000, 0x0000000707800000, 0x0000000707a00000|  0%| F|  |TAMS 0x0000000707800000, 0x0000000707800000| Untracked 
|  24|0x0000000707a00000, 0x0000000707a00000, 0x0000000707c00000|  0%| F|  |TAMS 0x0000000707a00000, 0x0000000707a00000| Untracked 
|  25|0x0000000707c00000, 0x0000000707c00000, 0x0000000707e00000|  0%| F|  |TAMS 0x0000000707c00000, 0x0000000707c00000| Untracked 
|  26|0x0000000707e00000, 0x0000000707e00000, 0x0000000708000000|  0%| F|  |TAMS 0x0000000707e00000, 0x0000000707e00000| Untracked 
|  27|0x0000000708000000, 0x0000000708000000, 0x0000000708200000|  0%| F|  |TAMS 0x0000000708000000, 0x0000000708000000| Untracked 
|  28|0x0000000708200000, 0x0000000708200000, 0x0000000708400000|  0%| F|  |TAMS 0x0000000708200000, 0x0000000708200000| Untracked 
|  29|0x0000000708400000, 0x0000000708400000, 0x0000000708600000|  0%| F|  |TAMS 0x0000000708400000, 0x0000000708400000| Untracked 
|  30|0x0000000708600000, 0x0000000708600000, 0x0000000708800000|  0%| F|  |TAMS 0x0000000708600000, 0x0000000708600000| Untracked 
|  31|0x0000000708800000, 0x0000000708800000, 0x0000000708a00000|  0%| F|  |TAMS 0x0000000708800000, 0x0000000708800000| Untracked 
|  32|0x0000000708a00000, 0x0000000708a00000, 0x0000000708c00000|  0%| F|  |TAMS 0x0000000708a00000, 0x0000000708a00000| Untracked 
|  33|0x0000000708c00000, 0x0000000708c00000, 0x0000000708e00000|  0%| F|  |TAMS 0x0000000708c00000, 0x0000000708c00000| Untracked 
|  34|0x0000000708e00000, 0x0000000708e00000, 0x0000000709000000|  0%| F|  |TAMS 0x0000000708e00000, 0x0000000708e00000| Untracked 
|  35|0x0000000709000000, 0x0000000709000000, 0x0000000709200000|  0%| F|  |TAMS 0x0000000709000000, 0x0000000709000000| Untracked 
|  36|0x0000000709200000, 0x0000000709200000, 0x0000000709400000|  0%| F|  |TAMS 0x0000000709200000, 0x0000000709200000| Untracked 
|  37|0x0000000709400000, 0x0000000709400000, 0x0000000709600000|  0%| F|  |TAMS 0x0000000709400000, 0x0000000709400000| Untracked 
|  38|0x0000000709600000, 0x0000000709600000, 0x0000000709800000|  0%| F|  |TAMS 0x0000000709600000, 0x0000000709600000| Untracked 
|  39|0x0000000709800000, 0x0000000709800000, 0x0000000709a00000|  0%| F|  |TAMS 0x0000000709800000, 0x0000000709800000| Untracked 
|  40|0x0000000709a00000, 0x0000000709a00000, 0x0000000709c00000|  0%| F|  |TAMS 0x0000000709a00000, 0x0000000709a00000| Untracked 
|  41|0x0000000709c00000, 0x0000000709c00000, 0x0000000709e00000|  0%| F|  |TAMS 0x0000000709c00000, 0x0000000709c00000| Untracked 
|  42|0x0000000709e00000, 0x0000000709e00000, 0x000000070a000000|  0%| F|  |TAMS 0x0000000709e00000, 0x0000000709e00000| Untracked 
|  43|0x000000070a000000, 0x000000070a000000, 0x000000070a200000|  0%| F|  |TAMS 0x000000070a000000, 0x000000070a000000| Untracked 
|  44|0x000000070a200000, 0x000000070a200000, 0x000000070a400000|  0%| F|  |TAMS 0x000000070a200000, 0x000000070a200000| Untracked 
|  45|0x000000070a400000, 0x000000070a400000, 0x000000070a600000|  0%| F|  |TAMS 0x000000070a400000, 0x000000070a400000| Untracked 
|  46|0x000000070a600000, 0x000000070a600000, 0x000000070a800000|  0%| F|  |TAMS 0x000000070a600000, 0x000000070a600000| Untracked 
|  47|0x000000070a800000, 0x000000070a800000, 0x000000070aa00000|  0%| F|  |TAMS 0x000000070a800000, 0x000000070a800000| Untracked 
|  48|0x000000070aa00000, 0x000000070aa00000, 0x000000070ac00000|  0%| F|  |TAMS 0x000000070aa00000, 0x000000070aa00000| Untracked 
|  49|0x000000070ac00000, 0x000000070ac00000, 0x000000070ae00000|  0%| F|  |TAMS 0x000000070ac00000, 0x000000070ac00000| Untracked 
|  50|0x000000070ae00000, 0x000000070ae00000, 0x000000070b000000|  0%| F|  |TAMS 0x000000070ae00000, 0x000000070ae00000| Untracked 
|  51|0x000000070b000000, 0x000000070b000000, 0x000000070b200000|  0%| F|  |TAMS 0x000000070b000000, 0x000000070b000000| Untracked 
|  52|0x000000070b200000, 0x000000070b200000, 0x000000070b400000|  0%| F|  |TAMS 0x000000070b200000, 0x000000070b200000| Untracked 
|  53|0x000000070b400000, 0x000000070b400000, 0x000000070b600000|  0%| F|  |TAMS 0x000000070b400000, 0x000000070b400000| Untracked 
|  54|0x000000070b600000, 0x000000070b600000, 0x000000070b800000|  0%| F|  |TAMS 0x000000070b600000, 0x000000070b600000| Untracked 
|  55|0x000000070b800000, 0x000000070b800000, 0x000000070ba00000|  0%| F|  |TAMS 0x000000070b800000, 0x000000070b800000| Untracked 
|  56|0x000000070ba00000, 0x000000070ba00000, 0x000000070bc00000|  0%| F|  |TAMS 0x000000070ba00000, 0x000000070ba00000| Untracked 
|  57|0x000000070bc00000, 0x000000070bc00000, 0x000000070be00000|  0%| F|  |TAMS 0x000000070bc00000, 0x000000070bc00000| Untracked 
|  58|0x000000070be00000, 0x000000070be00000, 0x000000070c000000|  0%| F|  |TAMS 0x000000070be00000, 0x000000070be00000| Untracked 
|  59|0x000000070c000000, 0x000000070c000000, 0x000000070c200000|  0%| F|  |TAMS 0x000000070c000000, 0x000000070c000000| Untracked 
|  60|0x000000070c200000, 0x000000070c200000, 0x000000070c400000|  0%| F|  |TAMS 0x000000070c200000, 0x000000070c200000| Untracked 
|  61|0x000000070c400000, 0x000000070c400000, 0x000000070c600000|  0%| F|  |TAMS 0x000000070c400000, 0x000000070c400000| Untracked 
|  62|0x000000070c600000, 0x000000070c600000, 0x000000070c800000|  0%| F|  |TAMS 0x000000070c600000, 0x000000070c600000| Untracked 
|  63|0x000000070c800000, 0x000000070c800000, 0x000000070ca00000|  0%| F|  |TAMS 0x000000070c800000, 0x000000070c800000| Untracked 
|  64|0x000000070ca00000, 0x000000070ca00000, 0x000000070cc00000|  0%| F|  |TAMS 0x000000070ca00000, 0x000000070ca00000| Untracked 
|  65|0x000000070cc00000, 0x000000070cc00000, 0x000000070ce00000|  0%| F|  |TAMS 0x000000070cc00000, 0x000000070cc00000| Untracked 
|  66|0x000000070ce00000, 0x000000070ce00000, 0x000000070d000000|  0%| F|  |TAMS 0x000000070ce00000, 0x000000070ce00000| Untracked 
|  67|0x000000070d000000, 0x000000070d000000, 0x000000070d200000|  0%| F|  |TAMS 0x000000070d000000, 0x000000070d000000| Untracked 
|  68|0x000000070d200000, 0x000000070d200000, 0x000000070d400000|  0%| F|  |TAMS 0x000000070d200000, 0x000000070d200000| Untracked 
|  69|0x000000070d400000, 0x000000070d400000, 0x000000070d600000|  0%| F|  |TAMS 0x000000070d400000, 0x000000070d400000| Untracked 
|  70|0x000000070d600000, 0x000000070d600000, 0x000000070d800000|  0%| F|  |TAMS 0x000000070d600000, 0x000000070d600000| Untracked 
|  71|0x000000070d800000, 0x000000070d800000, 0x000000070da00000|  0%| F|  |TAMS 0x000000070d800000, 0x000000070d800000| Untracked 
|  72|0x000000070da00000, 0x000000070da00000, 0x000000070dc00000|  0%| F|  |TAMS 0x000000070da00000, 0x000000070da00000| Untracked 
|  73|0x000000070dc00000, 0x000000070dc00000, 0x000000070de00000|  0%| F|  |TAMS 0x000000070dc00000, 0x000000070dc00000| Untracked 
|  74|0x000000070de00000, 0x000000070de00000, 0x000000070e000000|  0%| F|  |TAMS 0x000000070de00000, 0x000000070de00000| Untracked 
|  75|0x000000070e000000, 0x000000070e000000, 0x000000070e200000|  0%| F|  |TAMS 0x000000070e000000, 0x000000070e000000| Untracked 
|  76|0x000000070e200000, 0x000000070e200000, 0x000000070e400000|  0%| F|  |TAMS 0x000000070e200000, 0x000000070e200000| Untracked 
|  77|0x000000070e400000, 0x000000070e400000, 0x000000070e600000|  0%| F|  |TAMS 0x000000070e400000, 0x000000070e400000| Untracked 
|  78|0x000000070e600000, 0x000000070e600000, 0x000000070e800000|  0%| F|  |TAMS 0x000000070e600000, 0x000000070e600000| Untracked 
|  79|0x000000070e800000, 0x000000070e800000, 0x000000070ea00000|  0%| F|  |TAMS 0x000000070e800000, 0x000000070e800000| Untracked 
|  80|0x000000070ea00000, 0x000000070ea00000, 0x000000070ec00000|  0%| F|  |TAMS 0x000000070ea00000, 0x000000070ea00000| Untracked 
|  81|0x000000070ec00000, 0x000000070ec00000, 0x000000070ee00000|  0%| F|  |TAMS 0x000000070ec00000, 0x000000070ec00000| Untracked 
|  82|0x000000070ee00000, 0x000000070ee00000, 0x000000070f000000|  0%| F|  |TAMS 0x000000070ee00000, 0x000000070ee00000| Untracked 
|  83|0x000000070f000000, 0x000000070f000000, 0x000000070f200000|  0%| F|  |TAMS 0x000000070f000000, 0x000000070f000000| Untracked 
|  84|0x000000070f200000, 0x000000070f200000, 0x000000070f400000|  0%| F|  |TAMS 0x000000070f200000, 0x000000070f200000| Untracked 
|  85|0x000000070f400000, 0x000000070f400000, 0x000000070f600000|  0%| F|  |TAMS 0x000000070f400000, 0x000000070f400000| Untracked 
|  86|0x000000070f600000, 0x000000070f600000, 0x000000070f800000|  0%| F|  |TAMS 0x000000070f600000, 0x000000070f600000| Untracked 
|  87|0x000000070f800000, 0x000000070f800000, 0x000000070fa00000|  0%| F|  |TAMS 0x000000070f800000, 0x000000070f800000| Untracked 
|  88|0x000000070fa00000, 0x000000070fa00000, 0x000000070fc00000|  0%| F|  |TAMS 0x000000070fa00000, 0x000000070fa00000| Untracked 
|  89|0x000000070fc00000, 0x000000070fc00000, 0x000000070fe00000|  0%| F|  |TAMS 0x000000070fc00000, 0x000000070fc00000| Untracked 
|  90|0x000000070fe00000, 0x000000070fe00000, 0x0000000710000000|  0%| F|  |TAMS 0x000000070fe00000, 0x000000070fe00000| Untracked 
|  91|0x0000000710000000, 0x0000000710000000, 0x0000000710200000|  0%| F|  |TAMS 0x0000000710000000, 0x0000000710000000| Untracked 
|  92|0x0000000710200000, 0x0000000710200000, 0x0000000710400000|  0%| F|  |TAMS 0x0000000710200000, 0x0000000710200000| Untracked 
|  93|0x0000000710400000, 0x0000000710400000, 0x0000000710600000|  0%| F|  |TAMS 0x0000000710400000, 0x0000000710400000| Untracked 
|  94|0x0000000710600000, 0x0000000710600000, 0x0000000710800000|  0%| F|  |TAMS 0x0000000710600000, 0x0000000710600000| Untracked 
|  95|0x0000000710800000, 0x0000000710800000, 0x0000000710a00000|  0%| F|  |TAMS 0x0000000710800000, 0x0000000710800000| Untracked 
|  96|0x0000000710a00000, 0x0000000710a00000, 0x0000000710c00000|  0%| F|  |TAMS 0x0000000710a00000, 0x0000000710a00000| Untracked 
|  97|0x0000000710c00000, 0x0000000710c00000, 0x0000000710e00000|  0%| F|  |TAMS 0x0000000710c00000, 0x0000000710c00000| Untracked 
|  98|0x0000000710e00000, 0x0000000710e00000, 0x0000000711000000|  0%| F|  |TAMS 0x0000000710e00000, 0x0000000710e00000| Untracked 
|  99|0x0000000711000000, 0x0000000711000000, 0x0000000711200000|  0%| F|  |TAMS 0x0000000711000000, 0x0000000711000000| Untracked 
| 100|0x0000000711200000, 0x0000000711200000, 0x0000000711400000|  0%| F|  |TAMS 0x0000000711200000, 0x0000000711200000| Untracked 
| 101|0x0000000711400000, 0x0000000711400000, 0x0000000711600000|  0%| F|  |TAMS 0x0000000711400000, 0x0000000711400000| Untracked 
| 102|0x0000000711600000, 0x0000000711600000, 0x0000000711800000|  0%| F|  |TAMS 0x0000000711600000, 0x0000000711600000| Untracked 
| 103|0x0000000711800000, 0x0000000711800000, 0x0000000711a00000|  0%| F|  |TAMS 0x0000000711800000, 0x0000000711800000| Untracked 
| 104|0x0000000711a00000, 0x0000000711a00000, 0x0000000711c00000|  0%| F|  |TAMS 0x0000000711a00000, 0x0000000711a00000| Untracked 
| 105|0x0000000711c00000, 0x0000000711c00000, 0x0000000711e00000|  0%| F|  |TAMS 0x0000000711c00000, 0x0000000711c00000| Untracked 
| 106|0x0000000711e00000, 0x0000000711e00000, 0x0000000712000000|  0%| F|  |TAMS 0x0000000711e00000, 0x0000000711e00000| Untracked 
| 107|0x0000000712000000, 0x0000000712000000, 0x0000000712200000|  0%| F|  |TAMS 0x0000000712000000, 0x0000000712000000| Untracked 
| 108|0x0000000712200000, 0x0000000712200000, 0x0000000712400000|  0%| F|  |TAMS 0x0000000712200000, 0x0000000712200000| Untracked 
| 109|0x0000000712400000, 0x0000000712400000, 0x0000000712600000|  0%| F|  |TAMS 0x0000000712400000, 0x0000000712400000| Untracked 
| 110|0x0000000712600000, 0x0000000712600000, 0x0000000712800000|  0%| F|  |TAMS 0x0000000712600000, 0x0000000712600000| Untracked 
| 111|0x0000000712800000, 0x0000000712800000, 0x0000000712a00000|  0%| F|  |TAMS 0x0000000712800000, 0x0000000712800000| Untracked 
| 112|0x0000000712a00000, 0x0000000712a00000, 0x0000000712c00000|  0%| F|  |TAMS 0x0000000712a00000, 0x0000000712a00000| Untracked 
| 113|0x0000000712c00000, 0x0000000712c00000, 0x0000000712e00000|  0%| F|  |TAMS 0x0000000712c00000, 0x0000000712c00000| Untracked 
| 114|0x0000000712e00000, 0x0000000712e00000, 0x0000000713000000|  0%| F|  |TAMS 0x0000000712e00000, 0x0000000712e00000| Untracked 
| 115|0x0000000713000000, 0x0000000713000000, 0x0000000713200000|  0%| F|  |TAMS 0x0000000713000000, 0x0000000713000000| Untracked 
| 116|0x0000000713200000, 0x0000000713200000, 0x0000000713400000|  0%| F|  |TAMS 0x0000000713200000, 0x0000000713200000| Untracked 
| 117|0x0000000713400000, 0x0000000713400000, 0x0000000713600000|  0%| F|  |TAMS 0x0000000713400000, 0x0000000713400000| Untracked 
| 118|0x0000000713600000, 0x0000000713600000, 0x0000000713800000|  0%| F|  |TAMS 0x0000000713600000, 0x0000000713600000| Untracked 
| 119|0x0000000713800000, 0x0000000713800000, 0x0000000713a00000|  0%| F|  |TAMS 0x0000000713800000, 0x0000000713800000| Untracked 
| 120|0x0000000713a00000, 0x0000000713a00000, 0x0000000713c00000|  0%| F|  |TAMS 0x0000000713a00000, 0x0000000713a00000| Untracked 
| 121|0x0000000713c00000, 0x0000000713c00000, 0x0000000713e00000|  0%| F|  |TAMS 0x0000000713c00000, 0x0000000713c00000| Untracked 
| 122|0x0000000713e00000, 0x0000000713e00000, 0x0000000714000000|  0%| F|  |TAMS 0x0000000713e00000, 0x0000000713e00000| Untracked 
| 123|0x0000000714000000, 0x0000000714000000, 0x0000000714200000|  0%| F|  |TAMS 0x0000000714000000, 0x0000000714000000| Untracked 
| 124|0x0000000714200000, 0x0000000714200000, 0x0000000714400000|  0%| F|  |TAMS 0x0000000714200000, 0x0000000714200000| Untracked 
| 125|0x0000000714400000, 0x000000071448b850, 0x0000000714600000| 27%| S|CS|TAMS 0x0000000714400000, 0x0000000714400000| Complete 

Card table byte_map: [0x000002265b170000,0x000002265b950000] _byte_map_base: 0x000002265794b000

Marking Bits (Prev, Next): (CMBitMap*) 0x0000022643c0c030, (CMBitMap*) 0x0000022643c0c070
 Prev Bits: [0x000002265c130000, 0x0000022660008000)
 Next Bits: [0x0000022660010000, 0x0000022663ee8000)

Polling page: 0x0000022643300000

Metaspace:

Usage:
  Non-class:    130.53 KB used.
      Class:      5.77 KB used.
       Both:    136.30 KB used.

Virtual space:
  Non-class space:        8.00 MB reserved,     192.00 KB (  2%) committed,  1 nodes.
      Class space:        1.00 GB reserved,     128.00 KB ( <1%) committed,  1 nodes.
             Both:        1.01 GB reserved,     320.00 KB ( <1%) committed. 

Chunk freelists:
   Non-Class:  4.00 MB
       Class:  3.75 MB
        Both:  7.74 MB

MaxMetaspaceSize: unlimited
CompressedClassSpaceSize: 1.00 GB
Initial GC threshold: 21.00 MB
Current GC threshold: 21.00 MB
CDS: on
MetaspaceReclaimPolicy: balanced
 - commit_granule_bytes: 65536.
 - commit_granule_words: 8192.
 - virtual_space_node_default_size: 1048576.
 - enlarge_chunks_in_place: 1.
 - new_chunks_are_fully_committed: 0.
 - uncommit_free_chunks: 1.
 - use_allocation_guard: 0.
 - handle_deallocations: 1.


Internal statistics:

num_allocs_failed_limit: 0.
num_arena_births: 4.
num_arena_deaths: 0.
num_vsnodes_births: 2.
num_vsnodes_deaths: 0.
num_space_committed: 5.
num_space_uncommitted: 0.
num_chunks_returned_to_freelist: 0.
num_chunks_taken_from_freelist: 5.
num_chunk_merges: 0.
num_chunk_splits: 2.
num_chunks_enlarged: 0.
num_purges: 0.
num_inconsistent_stats: 0.

CodeHeap 'non-profiled nmethods': size=120000Kb used=12Kb max_used=12Kb free=119987Kb
 bounds [0x0000022652ef0000, 0x0000022653160000, 0x000002265a420000]
CodeHeap 'profiled nmethods': size=120000Kb used=68Kb max_used=68Kb free=119932Kb
 bounds [0x000002264b420000, 0x000002264b690000, 0x0000022652950000]
CodeHeap 'non-nmethods': size=5760Kb used=1039Kb max_used=1039Kb free=4720Kb
 bounds [0x0000022652950000, 0x0000022652bc0000, 0x0000022652ef0000]
 total_blobs=352 nmethods=57 adapters=208
 compilation: enabled
              stopped_count=0, restarted_count=0
 full_count=0

Compilation events (20 events):
Event: 0.035 Thread 0x0000022666b500a0   41       1       java.lang.module.ModuleDescriptor::isAutomatic (5 bytes)
Event: 0.035 Thread 0x0000022666b500a0 nmethod 41 0x0000022652ef2190 code [0x0000022652ef2320, 0x0000022652ef23f8]
Event: 0.035 Thread 0x0000022666b500a0   36       3       java.util.concurrent.ConcurrentHashMap::casTabAt (21 bytes)
Event: 0.035 Thread 0x0000022666b500a0 nmethod 36 0x000002264b42f890 code [0x000002264b42fa20, 0x000002264b42fb98]
Event: 0.035 Thread 0x0000022666b500a0   51       1       java.util.ImmutableCollections$Set12::isEmpty (2 bytes)
Event: 0.035 Thread 0x0000022666b500a0 nmethod 51 0x0000022652ef2490 code [0x0000022652ef2620, 0x0000022652ef26f8]
Event: 0.035 Thread 0x0000022666b500a0   50       1       java.lang.module.ResolvedModule::configuration (5 bytes)
Event: 0.035 Thread 0x0000022666b500a0 nmethod 50 0x0000022652ef2790 code [0x0000022652ef2920, 0x0000022652ef29f8]
Event: 0.035 Thread 0x0000022666b500a0   49       1       java.lang.module.ModuleDescriptor$Exports::targets (5 bytes)
Event: 0.035 Thread 0x0000022666b500a0 nmethod 49 0x0000022652ef2a90 code [0x0000022652ef2c20, 0x0000022652ef2cf8]
Event: 0.036 Thread 0x0000022666b500a0   52       3       java.lang.StringUTF16::getChar (60 bytes)
Event: 0.036 Thread 0x0000022666b500a0 nmethod 52 0x000002264b42fc10 code [0x000002264b42fda0, 0x000002264b42ff18]
Event: 0.036 Thread 0x0000022666b500a0   53       3       java.lang.AbstractStringBuilder::ensureCapacityInternal (39 bytes)
Event: 0.036 Thread 0x0000022666b500a0 nmethod 53 0x000002264b430010 code [0x000002264b4301c0, 0x000002264b4303f8]
Event: 0.036 Thread 0x0000022666b500a0   54       3       java.lang.StringLatin1::canEncode (13 bytes)
Event: 0.036 Thread 0x0000022666b500a0 nmethod 54 0x000002264b430510 code [0x000002264b4306a0, 0x000002264b4307f8]
Event: 0.036 Thread 0x0000022666b500a0   55       3       java.lang.AbstractStringBuilder::isLatin1 (19 bytes)
Event: 0.036 Thread 0x0000022666b500a0 nmethod 55 0x000002264b430890 code [0x000002264b430a20, 0x000002264b430b98]
Event: 0.038 Thread 0x0000022666b500a0   57       3       java.lang.String::isEmpty (14 bytes)
Event: 0.038 Thread 0x0000022666b500a0 nmethod 57 0x000002264b430c10 code [0x000002264b430da0, 0x000002264b430f18]

GC Heap History (4 events):
Event: 0.039 GC heap before
{Heap before GC invocations=0 (full 0):
 garbage-first heap   total 258048K, used 0K [0x0000000704a00000, 0x0000000800000000)
  region size 2048K, 1 young (2048K), 0 survivors (0K)
 Metaspace       used 136K, committed 320K, reserved 1056768K
  class space    used 5K, committed 128K, reserved 1048576K
}
Event: 0.040 GC heap after
{Heap after GC invocations=1 (full 0):
 garbage-first heap   total 258048K, used 725K [0x0000000704a00000, 0x0000000800000000)
  region size 2048K, 1 young (2048K), 1 survivors (2048K)
 Metaspace       used 136K, committed 320K, reserved 1056768K
  class space    used 5K, committed 128K, reserved 1048576K
}
Event: 0.040 GC heap before
{Heap before GC invocations=1 (full 0):
 garbage-first heap   total 258048K, used 725K [0x0000000704a00000, 0x0000000800000000)
  region size 2048K, 1 young (2048K), 1 survivors (2048K)
 Metaspace       used 136K, committed 320K, reserved 1056768K
  class space    used 5K, committed 128K, reserved 1048576K
}
Event: 0.041 GC heap after
{Heap after GC invocations=2 (full 0):
 garbage-first heap   total 258048K, used 558K [0x0000000704a00000, 0x0000000800000000)
  region size 2048K, 1 young (2048K), 1 survivors (2048K)
 Metaspace       used 136K, committed 320K, reserved 1056768K
  class space    used 5K, committed 128K, reserved 1048576K
}

Deoptimization events (0 events):
No events

Classes unloaded (0 events):
No events

Classes redefined (0 events):
No events

Internal exceptions (0 events):
No events

VM Operations (3 events):
Event: 0.039 Executing VM operation: G1TryInitiateConcMark
Event: 0.040 Executing VM operation: G1TryInitiateConcMark done
Event: 0.040 Executing VM operation: G1CollectForAllocation

Events (20 events):
Event: 0.015 Thread 0x0000022643ba4100 Thread added: 0x0000022643ba4100
Event: 0.018 Thread 0x0000022666b320e0 Thread added: 0x0000022666b320e0
Event: 0.018 Thread 0x0000022666b35cb0 Thread added: 0x0000022666b35cb0
Event: 0.024 loading class sun/nio/cs/IBM437
Event: 0.024 loading class sun/nio/cs/IBM437 done
Event: 0.025 loading class sun/nio/cs/IBM437$Holder
Event: 0.025 loading class sun/nio/cs/IBM437$Holder done
Event: 0.026 Thread 0x0000022666b4aed0 Thread added: 0x0000022666b4aed0
Event: 0.026 Thread 0x0000022666b4ba80 Thread added: 0x0000022666b4ba80
Event: 0.026 Thread 0x0000022666b50ea0 Thread added: 0x0000022666b50ea0
Event: 0.026 Thread 0x0000022666b4ea50 Thread added: 0x0000022666b4ea50
Event: 0.026 Thread 0x0000022666b4f6f0 Thread added: 0x0000022666b4f6f0
Event: 0.026 Thread 0x0000022666b500a0 Thread added: 0x0000022666b500a0
Event: 0.026 Thread 0x0000022666b62d70 Thread added: 0x0000022666b62d70
Event: 0.035 Thread 0x0000022666d24eb0 Thread added: 0x0000022666d24eb0
Event: 0.036 loading class jdk/internal/loader/URLClassPath$FileLoader
Event: 0.036 loading class jdk/internal/loader/URLClassPath$FileLoader done
Event: 0.037 loading class jdk/internal/loader/URLClassPath$FileLoader$1
Event: 0.037 loading class jdk/internal/loader/URLClassPath$FileLoader$1 done
Event: 0.037 Thread 0x0000022666d2c380 Thread added: 0x0000022666d2c380


Dynamic libraries:
0x00007ff6a1b20000 - 0x00007ff6a1b30000 	C:\Program Files\Java\jdk-17\bin\java.exe
0x00007ff9b5780000 - 0x00007ff9b59e3000 	C:\WINDOWS\SYSTEM32\ntdll.dll
0x00007ff9b49f0000 - 0x00007ff9b4ab8000 	C:\WINDOWS\System32\KERNEL32.DLL
0x00007ff9b2d40000 - 0x00007ff9b30f2000 	C:\WINDOWS\System32\KERNELBASE.dll
0x00007ff9b3100000 - 0x00007ff9b324b000 	C:\WINDOWS\System32\ucrtbase.dll
0x00007ff9ab780000 - 0x00007ff9ab798000 	C:\Program Files\Java\jdk-17\bin\jli.dll
0x00007ff9a3e00000 - 0x00007ff9a3e1b000 	C:\Program Files\Java\jdk-17\bin\VCRUNTIME140.dll
0x00007ff9b35e0000 - 0x00007ff9b3694000 	C:\WINDOWS\System32\ADVAPI32.dll
0x00007ff9b5600000 - 0x00007ff9b56a9000 	C:\WINDOWS\System32\msvcrt.dll
0x00007ff9b5150000 - 0x00007ff9b51f6000 	C:\WINDOWS\System32\sechost.dll
0x00007ff9b4fc0000 - 0x00007ff9b50d6000 	C:\WINDOWS\System32\RPCRT4.dll
0x00007ff9b3f10000 - 0x00007ff9b40d8000 	C:\WINDOWS\System32\USER32.dll
0x00007ff98fd10000 - 0x00007ff98ffa0000 	C:\WINDOWS\WinSxS\amd64_microsoft.windows.common-controls_6595b64144ccf1df_6.0.26100.2454_none_3e0b68a2e331ad60\COMCTL32.dll
0x00007ff9b3250000 - 0x00007ff9b3277000 	C:\WINDOWS\System32\win32u.dll
0x00007ff9b3e00000 - 0x00007ff9b3e2a000 	C:\WINDOWS\System32\GDI32.dll
0x00007ff9b34b0000 - 0x00007ff9b35db000 	C:\WINDOWS\System32\gdi32full.dll
0x00007ff9b3400000 - 0x00007ff9b34a3000 	C:\WINDOWS\System32\msvcp_win.dll
0x00007ff99d210000 - 0x00007ff99d21b000 	C:\WINDOWS\SYSTEM32\VERSION.dll
0x00007ff9b36a0000 - 0x00007ff9b36cf000 	C:\WINDOWS\System32\IMM32.DLL
0x00007ff99eac0000 - 0x00007ff99eacc000 	C:\Program Files\Java\jdk-17\bin\vcruntime140_1.dll
0x00007ff98a700000 - 0x00007ff98a78e000 	C:\Program Files\Java\jdk-17\bin\msvcp140.dll
0x00007ff964a50000 - 0x00007ff965627000 	C:\Program Files\Java\jdk-17\bin\server\jvm.dll
0x00007ff9b36e0000 - 0x00007ff9b36e8000 	C:\WINDOWS\System32\PSAPI.DLL
0x00007ff993940000 - 0x00007ff993976000 	C:\WINDOWS\SYSTEM32\WINMM.dll
0x00007ff8f8010000 - 0x00007ff8f801a000 	C:\WINDOWS\SYSTEM32\WSOCK32.dll
0x00007ff9b41f0000 - 0x00007ff9b4264000 	C:\WINDOWS\System32\WS2_32.dll
0x00007ff9b1960000 - 0x00007ff9b197a000 	C:\WINDOWS\SYSTEM32\kernel.appcore.dll
0x00007ff99eab0000 - 0x00007ff99eaba000 	C:\Program Files\Java\jdk-17\bin\jimage.dll
0x00007ff9b0270000 - 0x00007ff9b04b1000 	C:\WINDOWS\SYSTEM32\DBGHELP.DLL
0x00007ff9b4c30000 - 0x00007ff9b4fae000 	C:\WINDOWS\System32\combase.dll
0x00007ff9b4ad0000 - 0x00007ff9b4ba6000 	C:\WINDOWS\System32\OLEAUT32.dll
0x00007ff98fac0000 - 0x00007ff98faf9000 	C:\WINDOWS\SYSTEM32\dbgcore.DLL
0x00007ff9b2be0000 - 0x00007ff9b2c79000 	C:\WINDOWS\System32\bcryptPrimitives.dll
0x00007ff99dfd0000 - 0x00007ff99dff5000 	C:\Program Files\Java\jdk-17\bin\java.dll
0x00007ff973ef0000 - 0x00007ff973fc7000 	C:\Program Files\Java\jdk-17\bin\jsvml.dll
0x00007ff9b36f0000 - 0x00007ff9b3df1000 	C:\WINDOWS\System32\SHELL32.dll
0x00007ff9b0820000 - 0x00007ff9b1051000 	C:\WINDOWS\SYSTEM32\windows.storage.dll
0x00007ff9b3e30000 - 0x00007ff9b3f0a000 	C:\WINDOWS\System32\SHCORE.dll
0x00007ff9b47f0000 - 0x00007ff9b484d000 	C:\WINDOWS\System32\shlwapi.dll
0x00007ff9b2a60000 - 0x00007ff9b2a8e000 	C:\WINDOWS\SYSTEM32\profapi.dll

dbghelp: loaded successfully - version: 4.0.5 - missing functions: none
symbol engine: initialized successfully - sym options: 0x614 - pdb path: .;C:\Program Files\Java\jdk-17\bin;C:\WINDOWS\SYSTEM32;C:\WINDOWS\WinSxS\amd64_microsoft.windows.common-controls_6595b64144ccf1df_6.0.26100.2454_none_3e0b68a2e331ad60;C:\Program Files\Java\jdk-17\bin\server

VM Arguments:
jvm_args: -XX:+ShowCodeDetailsInExceptionMessages 
java_command: PracticeProgrammes.Main
java_class_path (initial): C:\Users\91728\AppData\Roaming\Code\User\workspaceStorage\4ba8da641fd04b75bca84ecbece86840\redhat.java\jdt_ws\PracticeProgrammes_67c0feae\bin
Launcher Type: SUN_STANDARD

[Global flags]
     intx CICompilerCount                          = 4                                         {product} {ergonomic}
     uint ConcGCThreads                            = 3                                         {product} {ergonomic}
     uint G1ConcRefinementThreads                  = 10                                        {product} {ergonomic}
   size_t G1HeapRegionSize                         = 2097152                                   {product} {ergonomic}
    uintx GCDrainStackTargetSize                   = 64                                        {product} {ergonomic}
   size_t InitialHeapSize                          = 264241152                                 {product} {ergonomic}
   size_t MarkStackSize                            = 4194304                                   {product} {ergonomic}
   size_t MaxHeapSize                              = 4217372672                                {product} {ergonomic}
   size_t MaxNewSize                               = 2529165312                                {product} {ergonomic}
   size_t MinHeapDeltaBytes                        = 2097152                                   {product} {ergonomic}
   size_t MinHeapSize                              = 8388608                                   {product} {ergonomic}
    uintx NonNMethodCodeHeapSize                   = 5839372                                {pd product} {ergonomic}
    uintx NonProfiledCodeHeapSize                  = 122909434                              {pd product} {ergonomic}
    uintx ProfiledCodeHeapSize                     = 122909434                              {pd product} {ergonomic}
    uintx ReservedCodeCacheSize                    = 251658240                              {pd product} {ergonomic}
     bool SegmentedCodeCache                       = true                                      {product} {ergonomic}
     bool ShowCodeDetailsInExceptionMessages       = true                                   {manageable} {command line}
   size_t SoftMaxHeapSize                          = 4217372672                             {manageable} {ergonomic}
     bool UseCompressedClassPointers               = true                           {product lp64_product} {ergonomic}
     bool UseCompressedOops                        = true                           {product lp64_product} {ergonomic}
     bool UseG1GC                                  = true                                      {product} {ergonomic}
     bool UseLargePagesIndividualAllocation        = false                                  {pd product} {ergonomic}

Logging:
Log output configuration:
 #0: stdout all=warning uptime,level,tags
 #1: stderr all=off uptime,level,tags

Environment Variables:
PATH=C:\Program Files (x86)\Common Files\Intel\Shared Libraries\redist\intel64\compiler;C:\Program Files\Common Files\Oracle\Java\javapath;C:\WINDOWS\system32;C:\WINDOWS;C:\WINDOWS\System32\Wbem;C:\WINDOWS\System32\WindowsPowerShell\v1.0\;C:\WINDOWS\System32\OpenSSH\;C:\Program Files\Java\jdk-17\bin;C:\Program Files\Git\cmd;C:\Users\91728\AppData\Local\Programs\Python\Python311\Scripts\;C:\Users\91728\AppData\Local\Programs\Python\Python311\;C:\Users\91728\AppData\Local\Microsoft\WindowsApps;C:\Users\91728\AppData\Local\Programs\Microsoft VS Code\bin;C:\Program Files\Java\jdk-17\bin;
USERNAME=91728
LANG=en_US.UTF-8
OS=Windows_NT
PROCESSOR_IDENTIFIER=Intel64 Family 6 Model 154 Stepping 4, GenuineIntel



---------------  S Y S T E M  ---------------

OS:
 Windows 11 , 64 bit Build 26100 (10.0.26100.2454)
OS uptime: 14 days 23:00 hours
Hyper-V role detected

CPU: total 12 (initial active 12) (6 cores per cpu, 2 threads per core) family 6 model 154 stepping 4 microcode 0x41e, cx8, cmov, fxsr, ht, mmx, 3dnowpref, sse, sse2, sse3, ssse3, sse4.1, sse4.2, popcnt, lzcnt, tsc, tscinvbit, avx, avx2, aes, erms, clmul, bmi1, bmi2, adx, sha, fma, vzeroupper, clflush, clflushopt, clwb, hv

Memory: 4k page, system-wide physical 16083M (4977M free)
TotalPageFile size 18989M (AvailPageFile size 2573M)
current process WorkingSet (physical memory assigned to process): 30M, peak: 30M
current process commit charge ("private bytes"): 343M, peak: 4113M

vm_info: Java HotSpot(TM) 64-Bit Server VM (17.0.6+9-LTS-190) for windows-amd64 JRE (17.0.6+9-LTS-190), built on Dec  6 2022 15:53:54 by "mach5one" with MS VC++ 17.1 (VS2022)

END.
